<?xml version="1.0" encoding="UTF-8"?>
<testsuite xmlns:xsi="http://www.w3.org/2001/XMLSchema-instance" xsi:noNamespaceSchemaLocation="https://maven.apache.org/surefire/maven-surefire-plugin/xsd/surefire-test-report.xsd" name="fr.insa.projetint.Orchestrateur.OrchestrateurApplicationTests" time="3.829" tests="1" errors="0" skipped="0" failures="0">
  <properties>
    <property name="awt.toolkit" value="sun.awt.X11.XToolkit"/>
    <property name="java.specification.version" value="11"/>
    <property name="sun.cpu.isalist" value=""/>
    <property name="sun.jnu.encoding" value="UTF-8"/>
    <property name="java.class.path" value="/home/xtran/5A/ProjetInt/Projet-Integrateur-Classification-d-images/Orchestrateur/target/test-classes:/home/xtran/5A/ProjetInt/Projet-Integrateur-Classification-d-images/Orchestrateur/target/classes:/home/xtran/.m2/repository/org/springframework/boot/spring-boot-starter-web/2.7.6/spring-boot-starter-web-2.7.6.jar:/home/xtran/.m2/repository/org/springframework/boot/spring-boot-starter/2.7.6/spring-boot-starter-2.7.6.jar:/home/xtran/.m2/repository/org/springframework/boot/spring-boot/2.7.6/spring-boot-2.7.6.jar:/home/xtran/.m2/repository/org/springframework/boot/spring-boot-autoconfigure/2.7.6/spring-boot-autoconfigure-2.7.6.jar:/home/xtran/.m2/repository/org/springframework/boot/spring-boot-starter-logging/2.7.6/spring-boot-starter-logging-2.7.6.jar:/home/xtran/.m2/repository/ch/qos/logback/logback-classic/1.2.11/logback-classic-1.2.11.jar:/home/xtran/.m2/repository/ch/qos/logback/logback-core/1.2.11/logback-core-1.2.11.jar:/home/xtran/.m2/repository/org/apache/logging/log4j/log4j-to-slf4j/2.17.2/log4j-to-slf4j-2.17.2.jar:/home/xtran/.m2/repository/org/apache/logging/log4j/log4j-api/2.17.2/log4j-api-2.17.2.jar:/home/xtran/.m2/repository/org/slf4j/jul-to-slf4j/1.7.36/jul-to-slf4j-1.7.36.jar:/home/xtran/.m2/repository/jakarta/annotation/jakarta.annotation-api/1.3.5/jakarta.annotation-api-1.3.5.jar:/home/xtran/.m2/repository/org/yaml/snakeyaml/1.30/snakeyaml-1.30.jar:/home/xtran/.m2/repository/org/springframework/boot/spring-boot-starter-json/2.7.6/spring-boot-starter-json-2.7.6.jar:/home/xtran/.m2/repository/com/fasterxml/jackson/core/jackson-databind/2.13.4.2/jackson-databind-2.13.4.2.jar:/home/xtran/.m2/repository/com/fasterxml/jackson/core/jackson-annotations/2.13.4/jackson-annotations-2.13.4.jar:/home/xtran/.m2/repository/com/fasterxml/jackson/core/jackson-core/2.13.4/jackson-core-2.13.4.jar:/home/xtran/.m2/repository/com/fasterxml/jackson/datatype/jackson-datatype-jdk8/2.13.4/jackson-datatype-jdk8-2.13.4.jar:/home/xtran/.m2/repository/com/fasterxml/jackson/datatype/jackson-datatype-jsr310/2.13.4/jackson-datatype-jsr310-2.13.4.jar:/home/xtran/.m2/repository/com/fasterxml/jackson/module/jackson-module-parameter-names/2.13.4/jackson-module-parameter-names-2.13.4.jar:/home/xtran/.m2/repository/org/springframework/boot/spring-boot-starter-tomcat/2.7.6/spring-boot-starter-tomcat-2.7.6.jar:/home/xtran/.m2/repository/org/apache/tomcat/embed/tomcat-embed-core/9.0.69/tomcat-embed-core-9.0.69.jar:/home/xtran/.m2/repository/org/apache/tomcat/embed/tomcat-embed-el/9.0.69/tomcat-embed-el-9.0.69.jar:/home/xtran/.m2/repository/org/apache/tomcat/embed/tomcat-embed-websocket/9.0.69/tomcat-embed-websocket-9.0.69.jar:/home/xtran/.m2/repository/org/springframework/spring-web/5.3.24/spring-web-5.3.24.jar:/home/xtran/.m2/repository/org/springframework/spring-beans/5.3.24/spring-beans-5.3.24.jar:/home/xtran/.m2/repository/org/springframework/spring-webmvc/5.3.24/spring-webmvc-5.3.24.jar:/home/xtran/.m2/repository/org/springframework/spring-aop/5.3.24/spring-aop-5.3.24.jar:/home/xtran/.m2/repository/org/springframework/spring-context/5.3.24/spring-context-5.3.24.jar:/home/xtran/.m2/repository/org/springframework/spring-expression/5.3.24/spring-expression-5.3.24.jar:/home/xtran/.m2/repository/org/springframework/boot/spring-boot-starter-test/2.7.6/spring-boot-starter-test-2.7.6.jar:/home/xtran/.m2/repository/org/springframework/boot/spring-boot-test/2.7.6/spring-boot-test-2.7.6.jar:/home/xtran/.m2/repository/org/springframework/boot/spring-boot-test-autoconfigure/2.7.6/spring-boot-test-autoconfigure-2.7.6.jar:/home/xtran/.m2/repository/com/jayway/jsonpath/json-path/2.7.0/json-path-2.7.0.jar:/home/xtran/.m2/repository/net/minidev/json-smart/2.4.8/json-smart-2.4.8.jar:/home/xtran/.m2/repository/net/minidev/accessors-smart/2.4.8/accessors-smart-2.4.8.jar:/home/xtran/.m2/repository/org/ow2/asm/asm/9.1/asm-9.1.jar:/home/xtran/.m2/repository/org/slf4j/slf4j-api/1.7.36/slf4j-api-1.7.36.jar:/home/xtran/.m2/repository/jakarta/xml/bind/jakarta.xml.bind-api/2.3.3/jakarta.xml.bind-api-2.3.3.jar:/home/xtran/.m2/repository/jakarta/activation/jakarta.activation-api/1.2.2/jakarta.activation-api-1.2.2.jar:/home/xtran/.m2/repository/org/assertj/assertj-core/3.22.0/assertj-core-3.22.0.jar:/home/xtran/.m2/repository/org/hamcrest/hamcrest/2.2/hamcrest-2.2.jar:/home/xtran/.m2/repository/org/junit/jupiter/junit-jupiter/5.8.2/junit-jupiter-5.8.2.jar:/home/xtran/.m2/repository/org/junit/jupiter/junit-jupiter-api/5.8.2/junit-jupiter-api-5.8.2.jar:/home/xtran/.m2/repository/org/opentest4j/opentest4j/1.2.0/opentest4j-1.2.0.jar:/home/xtran/.m2/repository/org/junit/platform/junit-platform-commons/1.8.2/junit-platform-commons-1.8.2.jar:/home/xtran/.m2/repository/org/apiguardian/apiguardian-api/1.1.2/apiguardian-api-1.1.2.jar:/home/xtran/.m2/repository/org/junit/jupiter/junit-jupiter-params/5.8.2/junit-jupiter-params-5.8.2.jar:/home/xtran/.m2/repository/org/junit/jupiter/junit-jupiter-engine/5.8.2/junit-jupiter-engine-5.8.2.jar:/home/xtran/.m2/repository/org/junit/platform/junit-platform-engine/1.8.2/junit-platform-engine-1.8.2.jar:/home/xtran/.m2/repository/org/mockito/mockito-core/4.5.1/mockito-core-4.5.1.jar:/home/xtran/.m2/repository/net/bytebuddy/byte-buddy/1.12.19/byte-buddy-1.12.19.jar:/home/xtran/.m2/repository/net/bytebuddy/byte-buddy-agent/1.12.19/byte-buddy-agent-1.12.19.jar:/home/xtran/.m2/repository/org/objenesis/objenesis/3.2/objenesis-3.2.jar:/home/xtran/.m2/repository/org/mockito/mockito-junit-jupiter/4.5.1/mockito-junit-jupiter-4.5.1.jar:/home/xtran/.m2/repository/org/skyscreamer/jsonassert/1.5.1/jsonassert-1.5.1.jar:/home/xtran/.m2/repository/com/vaadin/external/google/android-json/0.0.20131108.vaadin1/android-json-0.0.20131108.vaadin1.jar:/home/xtran/.m2/repository/org/springframework/spring-core/5.3.24/spring-core-5.3.24.jar:/home/xtran/.m2/repository/org/springframework/spring-jcl/5.3.24/spring-jcl-5.3.24.jar:/home/xtran/.m2/repository/org/springframework/spring-test/5.3.24/spring-test-5.3.24.jar:/home/xtran/.m2/repository/org/xmlunit/xmlunit-core/2.9.0/xmlunit-core-2.9.0.jar:/home/xtran/.m2/repository/org/springframework/boot/spring-boot-starter-webflux/2.7.6/spring-boot-starter-webflux-2.7.6.jar:/home/xtran/.m2/repository/org/springframework/boot/spring-boot-starter-reactor-netty/2.7.6/spring-boot-starter-reactor-netty-2.7.6.jar:/home/xtran/.m2/repository/io/projectreactor/netty/reactor-netty-http/1.0.25/reactor-netty-http-1.0.25.jar:/home/xtran/.m2/repository/io/netty/netty-codec-http/4.1.85.Final/netty-codec-http-4.1.85.Final.jar:/home/xtran/.m2/repository/io/netty/netty-common/4.1.85.Final/netty-common-4.1.85.Final.jar:/home/xtran/.m2/repository/io/netty/netty-buffer/4.1.85.Final/netty-buffer-4.1.85.Final.jar:/home/xtran/.m2/repository/io/netty/netty-transport/4.1.85.Final/netty-transport-4.1.85.Final.jar:/home/xtran/.m2/repository/io/netty/netty-codec/4.1.85.Final/netty-codec-4.1.85.Final.jar:/home/xtran/.m2/repository/io/netty/netty-handler/4.1.85.Final/netty-handler-4.1.85.Final.jar:/home/xtran/.m2/repository/io/netty/netty-codec-http2/4.1.85.Final/netty-codec-http2-4.1.85.Final.jar:/home/xtran/.m2/repository/io/netty/netty-resolver-dns/4.1.85.Final/netty-resolver-dns-4.1.85.Final.jar:/home/xtran/.m2/repository/io/netty/netty-resolver/4.1.85.Final/netty-resolver-4.1.85.Final.jar:/home/xtran/.m2/repository/io/netty/netty-codec-dns/4.1.85.Final/netty-codec-dns-4.1.85.Final.jar:/home/xtran/.m2/repository/io/netty/netty-resolver-dns-native-macos/4.1.85.Final/netty-resolver-dns-native-macos-4.1.85.Final-osx-x86_64.jar:/home/xtran/.m2/repository/io/netty/netty-resolver-dns-classes-macos/4.1.85.Final/netty-resolver-dns-classes-macos-4.1.85.Final.jar:/home/xtran/.m2/repository/io/netty/netty-transport-native-epoll/4.1.85.Final/netty-transport-native-epoll-4.1.85.Final-linux-x86_64.jar:/home/xtran/.m2/repository/io/netty/netty-transport-native-unix-common/4.1.85.Final/netty-transport-native-unix-common-4.1.85.Final.jar:/home/xtran/.m2/repository/io/netty/netty-transport-classes-epoll/4.1.85.Final/netty-transport-classes-epoll-4.1.85.Final.jar:/home/xtran/.m2/repository/io/projectreactor/netty/reactor-netty-core/1.0.25/reactor-netty-core-1.0.25.jar:/home/xtran/.m2/repository/io/netty/netty-handler-proxy/4.1.85.Final/netty-handler-proxy-4.1.85.Final.jar:/home/xtran/.m2/repository/io/netty/netty-codec-socks/4.1.85.Final/netty-codec-socks-4.1.85.Final.jar:/home/xtran/.m2/repository/org/springframework/spring-webflux/5.3.24/spring-webflux-5.3.24.jar:/home/xtran/.m2/repository/io/projectreactor/reactor-core/3.4.25/reactor-core-3.4.25.jar:/home/xtran/.m2/repository/org/reactivestreams/reactive-streams/1.0.4/reactive-streams-1.0.4.jar:/home/xtran/.m2/repository/commons-io/commons-io/2.11.0/commons-io-2.11.0.jar:"/>
    <property name="java.vm.vendor" value="Ubuntu"/>
    <property name="sun.arch.data.model" value="64"/>
    <property name="java.vendor.url" value="https://ubuntu.com/"/>
    <property name="user.timezone" value=""/>
    <property name="java.vm.specification.version" value="11"/>
    <property name="os.name" value="Linux"/>
    <property name="sun.java.launcher" value="SUN_STANDARD"/>
    <property name="user.country" value="FR"/>
    <property name="sun.boot.library.path" value="/usr/lib/jvm/java-11-openjdk-amd64/lib"/>
    <property name="sun.java.command" value="/home/xtran/5A/ProjetInt/Projet-Integrateur-Classification-d-images/Orchestrateur/target/surefire/surefirebooter1972896992347683902.jar /home/xtran/5A/ProjetInt/Projet-Integrateur-Classification-d-images/Orchestrateur/target/surefire 2023-01-23T23-09-25_706-jvmRun1 surefire472645711978188886tmp surefire_05604149258891343648tmp"/>
    <property name="jdk.debug" value="release"/>
    <property name="surefire.test.class.path" value="/home/xtran/5A/ProjetInt/Projet-Integrateur-Classification-d-images/Orchestrateur/target/test-classes:/home/xtran/5A/ProjetInt/Projet-Integrateur-Classification-d-images/Orchestrateur/target/classes:/home/xtran/.m2/repository/org/springframework/boot/spring-boot-starter-web/2.7.6/spring-boot-starter-web-2.7.6.jar:/home/xtran/.m2/repository/org/springframework/boot/spring-boot-starter/2.7.6/spring-boot-starter-2.7.6.jar:/home/xtran/.m2/repository/org/springframework/boot/spring-boot/2.7.6/spring-boot-2.7.6.jar:/home/xtran/.m2/repository/org/springframework/boot/spring-boot-autoconfigure/2.7.6/spring-boot-autoconfigure-2.7.6.jar:/home/xtran/.m2/repository/org/springframework/boot/spring-boot-starter-logging/2.7.6/spring-boot-starter-logging-2.7.6.jar:/home/xtran/.m2/repository/ch/qos/logback/logback-classic/1.2.11/logback-classic-1.2.11.jar:/home/xtran/.m2/repository/ch/qos/logback/logback-core/1.2.11/logback-core-1.2.11.jar:/home/xtran/.m2/repository/org/apache/logging/log4j/log4j-to-slf4j/2.17.2/log4j-to-slf4j-2.17.2.jar:/home/xtran/.m2/repository/org/apache/logging/log4j/log4j-api/2.17.2/log4j-api-2.17.2.jar:/home/xtran/.m2/repository/org/slf4j/jul-to-slf4j/1.7.36/jul-to-slf4j-1.7.36.jar:/home/xtran/.m2/repository/jakarta/annotation/jakarta.annotation-api/1.3.5/jakarta.annotation-api-1.3.5.jar:/home/xtran/.m2/repository/org/yaml/snakeyaml/1.30/snakeyaml-1.30.jar:/home/xtran/.m2/repository/org/springframework/boot/spring-boot-starter-json/2.7.6/spring-boot-starter-json-2.7.6.jar:/home/xtran/.m2/repository/com/fasterxml/jackson/core/jackson-databind/2.13.4.2/jackson-databind-2.13.4.2.jar:/home/xtran/.m2/repository/com/fasterxml/jackson/core/jackson-annotations/2.13.4/jackson-annotations-2.13.4.jar:/home/xtran/.m2/repository/com/fasterxml/jackson/core/jackson-core/2.13.4/jackson-core-2.13.4.jar:/home/xtran/.m2/repository/com/fasterxml/jackson/datatype/jackson-datatype-jdk8/2.13.4/jackson-datatype-jdk8-2.13.4.jar:/home/xtran/.m2/repository/com/fasterxml/jackson/datatype/jackson-datatype-jsr310/2.13.4/jackson-datatype-jsr310-2.13.4.jar:/home/xtran/.m2/repository/com/fasterxml/jackson/module/jackson-module-parameter-names/2.13.4/jackson-module-parameter-names-2.13.4.jar:/home/xtran/.m2/repository/org/springframework/boot/spring-boot-starter-tomcat/2.7.6/spring-boot-starter-tomcat-2.7.6.jar:/home/xtran/.m2/repository/org/apache/tomcat/embed/tomcat-embed-core/9.0.69/tomcat-embed-core-9.0.69.jar:/home/xtran/.m2/repository/org/apache/tomcat/embed/tomcat-embed-el/9.0.69/tomcat-embed-el-9.0.69.jar:/home/xtran/.m2/repository/org/apache/tomcat/embed/tomcat-embed-websocket/9.0.69/tomcat-embed-websocket-9.0.69.jar:/home/xtran/.m2/repository/org/springframework/spring-web/5.3.24/spring-web-5.3.24.jar:/home/xtran/.m2/repository/org/springframework/spring-beans/5.3.24/spring-beans-5.3.24.jar:/home/xtran/.m2/repository/org/springframework/spring-webmvc/5.3.24/spring-webmvc-5.3.24.jar:/home/xtran/.m2/repository/org/springframework/spring-aop/5.3.24/spring-aop-5.3.24.jar:/home/xtran/.m2/repository/org/springframework/spring-context/5.3.24/spring-context-5.3.24.jar:/home/xtran/.m2/repository/org/springframework/spring-expression/5.3.24/spring-expression-5.3.24.jar:/home/xtran/.m2/repository/org/springframework/boot/spring-boot-starter-test/2.7.6/spring-boot-starter-test-2.7.6.jar:/home/xtran/.m2/repository/org/springframework/boot/spring-boot-test/2.7.6/spring-boot-test-2.7.6.jar:/home/xtran/.m2/repository/org/springframework/boot/spring-boot-test-autoconfigure/2.7.6/spring-boot-test-autoconfigure-2.7.6.jar:/home/xtran/.m2/repository/com/jayway/jsonpath/json-path/2.7.0/json-path-2.7.0.jar:/home/xtran/.m2/repository/net/minidev/json-smart/2.4.8/json-smart-2.4.8.jar:/home/xtran/.m2/repository/net/minidev/accessors-smart/2.4.8/accessors-smart-2.4.8.jar:/home/xtran/.m2/repository/org/ow2/asm/asm/9.1/asm-9.1.jar:/home/xtran/.m2/repository/org/slf4j/slf4j-api/1.7.36/slf4j-api-1.7.36.jar:/home/xtran/.m2/repository/jakarta/xml/bind/jakarta.xml.bind-api/2.3.3/jakarta.xml.bind-api-2.3.3.jar:/home/xtran/.m2/repository/jakarta/activation/jakarta.activation-api/1.2.2/jakarta.activation-api-1.2.2.jar:/home/xtran/.m2/repository/org/assertj/assertj-core/3.22.0/assertj-core-3.22.0.jar:/home/xtran/.m2/repository/org/hamcrest/hamcrest/2.2/hamcrest-2.2.jar:/home/xtran/.m2/repository/org/junit/jupiter/junit-jupiter/5.8.2/junit-jupiter-5.8.2.jar:/home/xtran/.m2/repository/org/junit/jupiter/junit-jupiter-api/5.8.2/junit-jupiter-api-5.8.2.jar:/home/xtran/.m2/repository/org/opentest4j/opentest4j/1.2.0/opentest4j-1.2.0.jar:/home/xtran/.m2/repository/org/junit/platform/junit-platform-commons/1.8.2/junit-platform-commons-1.8.2.jar:/home/xtran/.m2/repository/org/apiguardian/apiguardian-api/1.1.2/apiguardian-api-1.1.2.jar:/home/xtran/.m2/repository/org/junit/jupiter/junit-jupiter-params/5.8.2/junit-jupiter-params-5.8.2.jar:/home/xtran/.m2/repository/org/junit/jupiter/junit-jupiter-engine/5.8.2/junit-jupiter-engine-5.8.2.jar:/home/xtran/.m2/repository/org/junit/platform/junit-platform-engine/1.8.2/junit-platform-engine-1.8.2.jar:/home/xtran/.m2/repository/org/mockito/mockito-core/4.5.1/mockito-core-4.5.1.jar:/home/xtran/.m2/repository/net/bytebuddy/byte-buddy/1.12.19/byte-buddy-1.12.19.jar:/home/xtran/.m2/repository/net/bytebuddy/byte-buddy-agent/1.12.19/byte-buddy-agent-1.12.19.jar:/home/xtran/.m2/repository/org/objenesis/objenesis/3.2/objenesis-3.2.jar:/home/xtran/.m2/repository/org/mockito/mockito-junit-jupiter/4.5.1/mockito-junit-jupiter-4.5.1.jar:/home/xtran/.m2/repository/org/skyscreamer/jsonassert/1.5.1/jsonassert-1.5.1.jar:/home/xtran/.m2/repository/com/vaadin/external/google/android-json/0.0.20131108.vaadin1/android-json-0.0.20131108.vaadin1.jar:/home/xtran/.m2/repository/org/springframework/spring-core/5.3.24/spring-core-5.3.24.jar:/home/xtran/.m2/repository/org/springframework/spring-jcl/5.3.24/spring-jcl-5.3.24.jar:/home/xtran/.m2/repository/org/springframework/spring-test/5.3.24/spring-test-5.3.24.jar:/home/xtran/.m2/repository/org/xmlunit/xmlunit-core/2.9.0/xmlunit-core-2.9.0.jar:/home/xtran/.m2/repository/org/springframework/boot/spring-boot-starter-webflux/2.7.6/spring-boot-starter-webflux-2.7.6.jar:/home/xtran/.m2/repository/org/springframework/boot/spring-boot-starter-reactor-netty/2.7.6/spring-boot-starter-reactor-netty-2.7.6.jar:/home/xtran/.m2/repository/io/projectreactor/netty/reactor-netty-http/1.0.25/reactor-netty-http-1.0.25.jar:/home/xtran/.m2/repository/io/netty/netty-codec-http/4.1.85.Final/netty-codec-http-4.1.85.Final.jar:/home/xtran/.m2/repository/io/netty/netty-common/4.1.85.Final/netty-common-4.1.85.Final.jar:/home/xtran/.m2/repository/io/netty/netty-buffer/4.1.85.Final/netty-buffer-4.1.85.Final.jar:/home/xtran/.m2/repository/io/netty/netty-transport/4.1.85.Final/netty-transport-4.1.85.Final.jar:/home/xtran/.m2/repository/io/netty/netty-codec/4.1.85.Final/netty-codec-4.1.85.Final.jar:/home/xtran/.m2/repository/io/netty/netty-handler/4.1.85.Final/netty-handler-4.1.85.Final.jar:/home/xtran/.m2/repository/io/netty/netty-codec-http2/4.1.85.Final/netty-codec-http2-4.1.85.Final.jar:/home/xtran/.m2/repository/io/netty/netty-resolver-dns/4.1.85.Final/netty-resolver-dns-4.1.85.Final.jar:/home/xtran/.m2/repository/io/netty/netty-resolver/4.1.85.Final/netty-resolver-4.1.85.Final.jar:/home/xtran/.m2/repository/io/netty/netty-codec-dns/4.1.85.Final/netty-codec-dns-4.1.85.Final.jar:/home/xtran/.m2/repository/io/netty/netty-resolver-dns-native-macos/4.1.85.Final/netty-resolver-dns-native-macos-4.1.85.Final-osx-x86_64.jar:/home/xtran/.m2/repository/io/netty/netty-resolver-dns-classes-macos/4.1.85.Final/netty-resolver-dns-classes-macos-4.1.85.Final.jar:/home/xtran/.m2/repository/io/netty/netty-transport-native-epoll/4.1.85.Final/netty-transport-native-epoll-4.1.85.Final-linux-x86_64.jar:/home/xtran/.m2/repository/io/netty/netty-transport-native-unix-common/4.1.85.Final/netty-transport-native-unix-common-4.1.85.Final.jar:/home/xtran/.m2/repository/io/netty/netty-transport-classes-epoll/4.1.85.Final/netty-transport-classes-epoll-4.1.85.Final.jar:/home/xtran/.m2/repository/io/projectreactor/netty/reactor-netty-core/1.0.25/reactor-netty-core-1.0.25.jar:/home/xtran/.m2/repository/io/netty/netty-handler-proxy/4.1.85.Final/netty-handler-proxy-4.1.85.Final.jar:/home/xtran/.m2/repository/io/netty/netty-codec-socks/4.1.85.Final/netty-codec-socks-4.1.85.Final.jar:/home/xtran/.m2/repository/org/springframework/spring-webflux/5.3.24/spring-webflux-5.3.24.jar:/home/xtran/.m2/repository/io/projectreactor/reactor-core/3.4.25/reactor-core-3.4.25.jar:/home/xtran/.m2/repository/org/reactivestreams/reactive-streams/1.0.4/reactive-streams-1.0.4.jar:/home/xtran/.m2/repository/commons-io/commons-io/2.11.0/commons-io-2.11.0.jar:"/>
    <property name="sun.cpu.endian" value="little"/>
    <property name="user.home" value="/home/xtran"/>
    <property name="user.language" value="fr"/>
    <property name="java.specification.vendor" value="Oracle Corporation"/>
    <property name="java.version.date" value="2022-10-18"/>
    <property name="java.home" value="/usr/lib/jvm/java-11-openjdk-amd64"/>
    <property name="file.separator" value="/"/>
    <property name="basedir" value="/home/xtran/5A/ProjetInt/Projet-Integrateur-Classification-d-images/Orchestrateur"/>
    <property name="java.vm.compressedOopsMode" value="32-bit"/>
    <property name="line.separator" value="&#10;"/>
    <property name="java.specification.name" value="Java Platform API Specification"/>
    <property name="java.vm.specification.vendor" value="Oracle Corporation"/>
    <property name="java.awt.graphicsenv" value="sun.awt.X11GraphicsEnvironment"/>
    <property name="surefire.real.class.path" value="/home/xtran/5A/ProjetInt/Projet-Integrateur-Classification-d-images/Orchestrateur/target/surefire/surefirebooter1972896992347683902.jar"/>
    <property name="sun.management.compiler" value="HotSpot 64-Bit Tiered Compilers"/>
    <property name="java.runtime.version" value="11.0.17+8-post-Ubuntu-1ubuntu220.04"/>
    <property name="user.name" value="xtran"/>
    <property name="path.separator" value=":"/>
    <property name="os.version" value="5.15.0-58-generic"/>
    <property name="java.runtime.name" value="OpenJDK Runtime Environment"/>
    <property name="file.encoding" value="UTF-8"/>
    <property name="java.vm.name" value="OpenJDK 64-Bit Server VM"/>
    <property name="localRepository" value="/home/xtran/.m2/repository"/>
    <property name="java.vendor.url.bug" value="https://bugs.launchpad.net/ubuntu/+source/openjdk-lts"/>
    <property name="java.io.tmpdir" value="/tmp"/>
    <property name="java.version" value="11.0.17"/>
    <property name="user.dir" value="/home/xtran/5A/ProjetInt/Projet-Integrateur-Classification-d-images/Orchestrateur"/>
    <property name="os.arch" value="amd64"/>
    <property name="java.vm.specification.name" value="Java Virtual Machine Specification"/>
    <property name="java.awt.printerjob" value="sun.print.PSPrinterJob"/>
    <property name="sun.os.patch.level" value="unknown"/>
    <property name="java.library.path" value="/usr/local/insa/lib:$LD_LIBRARY_PATH:/usr/java/packages/lib:/usr/lib/x86_64-linux-gnu/jni:/lib/x86_64-linux-gnu:/usr/lib/x86_64-linux-gnu:/usr/lib/jni:/lib:/usr/lib"/>
    <property name="java.vm.info" value="mixed mode, sharing"/>
    <property name="java.vendor" value="Ubuntu"/>
    <property name="java.vm.version" value="11.0.17+8-post-Ubuntu-1ubuntu220.04"/>
    <property name="sun.io.unicode.encoding" value="UnicodeLittle"/>
    <property name="java.class.version" value="55.0"/>
  </properties>
  <testcase name="contextLoads" classname="fr.insa.projetint.Orchestrateur.OrchestrateurApplicationTests" time="0.449"/>
</testsuite>